<?xml version="1.0" encoding="UTF-8"?>
<!-- Generated by org.testng.reporters.JUnitXMLReporter -->
<testsuite hostname="ironman" ignored="0" name="Command line test" tests="5" failures="0" timestamp="2020-11-04T21:19:46 CST" time="54.276" errors="0">
  <testcase name="doPriceVerification" time="11.929" classname="Tests.PriceVerificationTest"/>
  <testcase name="doPriceVerification" time="13.237" classname="Tests.PriceVerificationTest"/>
  <testcase name="doPriceVerification" time="8.888" classname="Tests.CartTest"/>
  <testcase name="doRegister" time="4.036" classname="Tests.RegisterTest"/>
  <testcase name="doRegister" time="4.047" classname="Tests.RegisterTest"/>
</testsuite> <!-- Command line test -->
